# configure exec: ./configure --prefix=/Users/upstox/Desktop/kafkatu/node_modules/node-rdkafka/build/deps --libdir=/Users/upstox/Desktop/kafkatu/node_modules/node-rdkafka/build/deps --prefix=/Users/upstox/Desktop/kafkatu/node_modules/node-rdkafka/build/deps --libdir=/Users/upstox/Desktop/kafkatu/node_modules/node-rdkafka/build/deps
# On Tue Jan 25 19:44:17 IST 2022
DBG 4593: Setting distro (distro) status to ok (action ignore)
DBG 4593: ccenv: WITH_CC:  --version failed: mklove/modules/configure.base: line 1761: --version: command not found
DBG 4593: Setting ccenv (ccenv) status to failed (action cont)
DBG 4593: Check ccenv (WITH_CC, action cont (originally cont)) failed: command ' --version' failed:
mklove/modules/configure.base: line 1761: --version: command not found
DBG 4593: Setting gcc (gcc) status to ok (action cont)
DBG 4593: cxxenv: WITH_CXX:  --version failed: mklove/modules/configure.base: line 1761: --version: command not found
DBG 4593: Setting cxxenv (cxxenv) status to failed (action cont)
DBG 4593: Check cxxenv (WITH_CXX, action cont (originally cont)) failed: command ' --version' failed:
mklove/modules/configure.base: line 1761: --version: command not found
DBG 4593: Setting gxx (gxx) status to ok (action cont)
DBG 4593: Setting ld (ld) status to ok (action disable)
DBG 4593: Setting nm (nm) status to ok (action disable)
DBG 4593: Setting objdump (objdump) status to ok (action disable)
DBG 4593: Setting strip (strip) status to ok (action disable)
DBG 4593: Setting libtool (libtool) status to ok (action disable)
DBG 4593: Setting ranlib (ranlib) status to ok (action disable)
DBG 4593: Compile check cc_g_dwarf () (sub=0): gcc   -Wall -Werror _mkltmpMUt7Bk.c -o _mkltmpMUt7Bk.c.o  -L/Users/upstox/Desktop/kafkatu/node_modules/node-rdkafka/build/deps -gstrict-dwarf
DBG 4593: Setting cc_g_dwarf (cc_g_dwarf) status to ok (action cont)
DBG 4593: pkgconfig: WITH_PKGCONFIG: pkg-config --version failed: mklove/modules/configure.base: line 1761: pkg-config: command not found
DBG 4593: Setting pkgconfig (pkgconfig) status to failed (action cont)
DBG 4593: Check pkgconfig (WITH_PKGCONFIG, action cont (originally cont)) failed: command 'pkg-config --version' failed:
mklove/modules/configure.base: line 1761: pkg-config: command not found
DBG 4593: install: WITH_INSTALL: install --version failed: install: illegal option -- -
usage: install [-bCcpSsv] [-B suffix] [-f flags] [-g group] [-m mode]
               [-o owner] file1 file2
       install [-bCcpSsv] [-B suffix] [-f flags] [-g group] [-m mode]
               [-o owner] file1 ... fileN directory
       install -d [-v] [-g group] [-m mode] [-o owner] directory ...
DBG 4593: Setting install (install) status to failed (action cont)
DBG 4593: Check install (WITH_INSTALL, action cont (originally cont)) failed: command 'install --version' failed:
install: illegal option -- -
usage: install [-bCcpSsv] [-B suffix] [-f flags] [-g group] [-m mode]
               [-o owner] file1 file2
       install [-bCcpSsv] [-B suffix] [-f flags] [-g group] [-m mode]
               [-o owner] file1 ... fileN directory
       install -d [-v] [-g group] [-m mode] [-o owner] directory ...
DBG 4593: Compile check PIC (HAVE_PIC) (sub=0): gcc  -gstrict-dwarf -O2 -Wall -Werror _mkltmp8fTD1a.c -o _mkltmp8fTD1a.c.o  -L/Users/upstox/Desktop/kafkatu/node_modules/node-rdkafka/build/deps -fPIC
DBG 4593: Setting PIC (PIC) status to ok (action disable)
DBG 4593: Compile check gnulib (WITH_GNULD) (sub=0): gcc  -gstrict-dwarf -O2 -fPIC -Wall -Werror _mkltmpSg1uWN.c -o _mkltmpSg1uWN.c.o  -L/Users/upstox/Desktop/kafkatu/node_modules/node-rdkafka/build/deps -shared -Wl,-soname,mkltest.0
DBG 4593: compile check for gnulib (WITH_GNULD) failed: gcc  -gstrict-dwarf -O2 -fPIC -Wall -Werror _mkltmpSg1uWN.c -o _mkltmpSg1uWN.c.o  -L/Users/upstox/Desktop/kafkatu/node_modules/node-rdkafka/build/deps -shared -Wl,-soname,mkltest.0: ld: unknown option: -soname
clang: error: linker command failed with exit code 1 (use -v to see invocation)
DBG 4593: Setting gnulib (gnulib) status to failed (action cont)
DBG 4593: Check gnulib (WITH_GNULD, action cont (originally cont)) failed: compile check failed:
CC: CC
flags: -shared -Wl,-soname,mkltest.0
gcc  -gstrict-dwarf -O2 -fPIC -Wall -Werror _mkltmpSg1uWN.c -o _mkltmpSg1uWN.c.o  -L/Users/upstox/Desktop/kafkatu/node_modules/node-rdkafka/build/deps -shared -Wl,-soname,mkltest.0:
ld: unknown option: -soname
clang: error: linker command failed with exit code 1 (use -v to see invocation)
source: 
DBG 4593: Compile check osxlib (WITH_OSXLD) (sub=0): gcc  -gstrict-dwarf -O2 -fPIC -Wall -Werror _mkltmpGKETFi.c -o _mkltmpGKETFi.c.o  -L/Users/upstox/Desktop/kafkatu/node_modules/node-rdkafka/build/deps -dynamiclib -Wl,-install_name,/tmp/mkltest.so.0
DBG 4593: Setting osxlib (osxlib) status to ok (action cont)
DBG 4593: Compile check ldsflagvs () (sub=0): gcc  -gstrict-dwarf -O2 -fPIC -Wall -Werror _mkltmpHXBXoA.c -o _mkltmpHXBXoA.c.o  -L/Users/upstox/Desktop/kafkatu/node_modules/node-rdkafka/build/deps -shared -Wl,--version-script=_mkltmpKiOafk
DBG 4593: compile check for ldsflagvs () failed: gcc  -gstrict-dwarf -O2 -fPIC -Wall -Werror _mkltmpHXBXoA.c -o _mkltmpHXBXoA.c.o  -L/Users/upstox/Desktop/kafkatu/node_modules/node-rdkafka/build/deps -shared -Wl,--version-script=_mkltmpKiOafk: ld: unknown option: --version-script=_mkltmpKiOafk
clang: error: linker command failed with exit code 1 (use -v to see invocation)
DBG 4593: Setting ldsflagvs (ldsflagvs) status to failed (action cont)
DBG 4593: Check ldsflagvs (, action cont (originally cont)) failed: compile check failed:
CC: CC
flags: -shared -Wl,--version-script=_mkltmpKiOafk
gcc  -gstrict-dwarf -O2 -fPIC -Wall -Werror _mkltmpHXBXoA.c -o _mkltmpHXBXoA.c.o  -L/Users/upstox/Desktop/kafkatu/node_modules/node-rdkafka/build/deps -shared -Wl,--version-script=_mkltmpKiOafk:
ld: unknown option: --version-script=_mkltmpKiOafk
clang: error: linker command failed with exit code 1 (use -v to see invocation)
source: 
DBG 4593: Compile check ldsflagm () (sub=0): gcc  -gstrict-dwarf -O2 -fPIC -Wall -Werror _mkltmplV6Mqt.c -o _mkltmplV6Mqt.c.o  -L/Users/upstox/Desktop/kafkatu/node_modules/node-rdkafka/build/deps -shared -Wl,-M_mkltmpKiOafk
DBG 4593: compile check for ldsflagm () failed: gcc  -gstrict-dwarf -O2 -fPIC -Wall -Werror _mkltmplV6Mqt.c -o _mkltmplV6Mqt.c.o  -L/Users/upstox/Desktop/kafkatu/node_modules/node-rdkafka/build/deps -shared -Wl,-M_mkltmpKiOafk: ld: unknown option: -M_mkltmpKiOafk
clang: error: linker command failed with exit code 1 (use -v to see invocation)
DBG 4593: Setting ldsflagm (ldsflagm) status to failed (action ignore)
DBG 4593: Check ldsflagm (, action ignore (originally ignore)) failed: compile check failed:
CC: CC
flags: -shared -Wl,-M_mkltmpKiOafk
gcc  -gstrict-dwarf -O2 -fPIC -Wall -Werror _mkltmplV6Mqt.c -o _mkltmplV6Mqt.c.o  -L/Users/upstox/Desktop/kafkatu/node_modules/node-rdkafka/build/deps -shared -Wl,-M_mkltmpKiOafk:
ld: unknown option: -M_mkltmpKiOafk
clang: error: linker command failed with exit code 1 (use -v to see invocation)
source: 
DBG 4593: Compile check __atomic_32 (HAVE_ATOMICS_32) (sub=0): gcc  -gstrict-dwarf -O2 -fPIC -Wall -Werror _mkltmpETintm.c -o _mkltmpETintm.c.o  -L/Users/upstox/Desktop/kafkatu/node_modules/node-rdkafka/build/deps 
DBG 4593: Setting __atomic_32 (__atomic_32) status to ok (action cont)
DBG 4593: Compile check __atomic_64 (HAVE_ATOMICS_64) (sub=0): gcc  -gstrict-dwarf -O2 -fPIC -Wall -Werror _mkltmpF6H6Sq.c -o _mkltmpF6H6Sq.c.o  -L/Users/upstox/Desktop/kafkatu/node_modules/node-rdkafka/build/deps 
DBG 4593: Setting __atomic_64 (__atomic_64) status to ok (action cont)
DBG 4593: Compile check socket () (sub=0): gcc  -gstrict-dwarf -O2 -fPIC -Wall -Wsign-compare -Wfloat-equal -Wpointer-arith -Wcast-align -Wall -Werror _mkltmpxut38y.c -o _mkltmpxut38y.c.o  -L/Users/upstox/Desktop/kafkatu/node_modules/node-rdkafka/build/deps 
DBG 4593: Setting socket (socket) status to ok (action cont)
DBG 4593: Setting parseversion (parseversion) status to ok (action cont)
DBG 4593: librt: Check for static library (libs -lrt, arfile variable STATIC_LIB_librt=, static filenames )
DBG 4593: Compile check librt () (sub=0): gcc  -gstrict-dwarf -O2 -fPIC -Wall -Wsign-compare -Wfloat-equal -Wpointer-arith -Wcast-align -Wall -Werror _mkltmpwieu8p.c -o _mkltmpwieu8p.c.o  -L/Users/upstox/Desktop/kafkatu/node_modules/node-rdkafka/build/deps -lrt
DBG 4593: compile check for librt () failed: gcc  -gstrict-dwarf -O2 -fPIC -Wall -Wsign-compare -Wfloat-equal -Wpointer-arith -Wcast-align -Wall -Werror _mkltmpwieu8p.c -o _mkltmpwieu8p.c.o  -L/Users/upstox/Desktop/kafkatu/node_modules/node-rdkafka/build/deps -lrt: ld: library not found for -lrt
clang: error: linker command failed with exit code 1 (use -v to see invocation)
DBG 4593: Setting librt (librt) status to failed (action cont)
DBG 4593: Check librt (, action cont (originally cont)) failed: compile check failed:
CC: CC
flags: -lrt
gcc  -gstrict-dwarf -O2 -fPIC -Wall -Wsign-compare -Wfloat-equal -Wpointer-arith -Wcast-align -Wall -Werror _mkltmpwieu8p.c -o _mkltmpwieu8p.c.o  -L/Users/upstox/Desktop/kafkatu/node_modules/node-rdkafka/build/deps -lrt:
ld: library not found for -lrt
clang: error: linker command failed with exit code 1 (use -v to see invocation)
source: 
DBG 4593: libpthread: Check for static library (libs -lpthread, arfile variable STATIC_LIB_libpthread=, static filenames )
DBG 4593: Compile check libpthread () (sub=0): gcc  -gstrict-dwarf -O2 -fPIC -Wall -Wsign-compare -Wfloat-equal -Wpointer-arith -Wcast-align -Wall -Werror _mkltmptCJO0b.c -o _mkltmptCJO0b.c.o  -L/Users/upstox/Desktop/kafkatu/node_modules/node-rdkafka/build/deps -lpthread
DBG 4593: Setting libpthread (libpthread) status to ok (action fail)
DBG 4593: libpthread: from lib_check: LIBS: prepend -lpthread
DBG 4593: c11threads: Check for static library (libs -lpthread, arfile variable STATIC_LIB_c11threads=, static filenames )
DBG 4593: Compile check c11threads (WITH_C11THREADS) (sub=0): gcc  -gstrict-dwarf -O2 -fPIC -Wall -Wsign-compare -Wfloat-equal -Wpointer-arith -Wcast-align -Wall -Werror _mkltmplUgmj0.c -o _mkltmplUgmj0.c.o  -L/Users/upstox/Desktop/kafkatu/node_modules/node-rdkafka/build/deps -lpthread
DBG 4593: compile check for c11threads (WITH_C11THREADS) failed: gcc  -gstrict-dwarf -O2 -fPIC -Wall -Wsign-compare -Wfloat-equal -Wpointer-arith -Wcast-align -Wall -Werror _mkltmplUgmj0.c -o _mkltmplUgmj0.c.o  -L/Users/upstox/Desktop/kafkatu/node_modules/node-rdkafka/build/deps -lpthread: _mkltmplUgmj0.c:2:10: fatal error: 'threads.h' file not found
#include <threads.h>
         ^~~~~~~~~~~
1 error generated.
DBG 4593: Setting c11threads (c11threads) status to failed (action disable)
DBG 4593: Check c11threads (WITH_C11THREADS, action disable (originally disable)) failed: compile check failed:
CC: CC
flags: -lpthread
gcc  -gstrict-dwarf -O2 -fPIC -Wall -Wsign-compare -Wfloat-equal -Wpointer-arith -Wcast-align -Wall -Werror _mkltmplUgmj0.c -o _mkltmplUgmj0.c.o  -L/Users/upstox/Desktop/kafkatu/node_modules/node-rdkafka/build/deps -lpthread:
_mkltmplUgmj0.c:2:10: fatal error: 'threads.h' file not found
#include <threads.h>
         ^~~~~~~~~~~
1 error generated.
source: 
#include <threads.h>


static int start_func (void *arg) {
   int iarg = *(int *)arg;
   return iarg;
}

void foo (void) {
    thrd_t thr;
    int arg = 1;
    if (thrd_create(&thr, start_func, (void *)&arg) != thrd_success) {
      ;
    }
}

DBG 4593: libdl: Check for static library (libs -ldl, arfile variable STATIC_LIB_libdl=, static filenames )
DBG 4593: Compile check libdl (WITH_LIBDL) (sub=0): gcc  -gstrict-dwarf -O2 -fPIC -Wall -Wsign-compare -Wfloat-equal -Wpointer-arith -Wcast-align -Wall -Werror _mkltmp3HAkPA.c -o _mkltmp3HAkPA.c.o  -L/Users/upstox/Desktop/kafkatu/node_modules/node-rdkafka/build/deps -ldl
DBG 4593: Setting libdl (libdl) status to ok (action disable)
DBG 4593: libdl: from lib_check: LIBS: prepend -ldl
DBG 4593: zlib: Check for static library (libs -lz, arfile variable STATIC_LIB_zlib=, static filenames libz.a)
DBG 4593: Compile check zlib (WITH_ZLIB) (sub=0): gcc  -gstrict-dwarf -O2 -fPIC -Wall -Wsign-compare -Wfloat-equal -Wpointer-arith -Wcast-align -Wall -Werror _mkltmpekNZdA.c -o _mkltmpekNZdA.c.o  -L/Users/upstox/Desktop/kafkatu/node_modules/node-rdkafka/build/deps -lz
DBG 4593: Setting zlib (zlib) status to ok (action disable)
DBG 4593: zlib: from lib_check: LIBS: prepend -lz
DBG 4593: libcrypto: Check for static library (libs -lcrypto, arfile variable STATIC_LIB_libcrypto=, static filenames libcrypto.a)
DBG 4593: Compile check libcrypto () (sub=0): gcc  -gstrict-dwarf -O2 -fPIC -Wall -Wsign-compare -Wfloat-equal -Wpointer-arith -Wcast-align -Wall -Werror _mkltmpMIYuBv.c -o _mkltmpMIYuBv.c.o  -L/Users/upstox/Desktop/kafkatu/node_modules/node-rdkafka/build/deps -lcrypto
DBG 4593: compile check for libcrypto () failed: gcc  -gstrict-dwarf -O2 -fPIC -Wall -Wsign-compare -Wfloat-equal -Wpointer-arith -Wcast-align -Wall -Werror _mkltmpMIYuBv.c -o _mkltmpMIYuBv.c.o  -L/Users/upstox/Desktop/kafkatu/node_modules/node-rdkafka/build/deps -lcrypto: _mkltmpMIYuBv.c:2:10: fatal error: 'openssl/ssl.h' file not found
#include <openssl/ssl.h>
         ^~~~~~~~~~~~~~~
1 error generated.
DBG 4593: Setting libcrypto (libcrypto) status to failed (action disable)
DBG 4593: Check libcrypto (, action disable (originally disable)) failed: compile check failed:
CC: CC
flags: -lcrypto
gcc  -gstrict-dwarf -O2 -fPIC -Wall -Wsign-compare -Wfloat-equal -Wpointer-arith -Wcast-align -Wall -Werror _mkltmpMIYuBv.c -o _mkltmpMIYuBv.c.o  -L/Users/upstox/Desktop/kafkatu/node_modules/node-rdkafka/build/deps -lcrypto:
_mkltmpMIYuBv.c:2:10: fatal error: 'openssl/ssl.h' file not found
#include <openssl/ssl.h>
         ^~~~~~~~~~~~~~~
1 error generated.
source: 
#include <openssl/ssl.h>
#include <openssl/evp.h>
#if OPENSSL_VERSION_NUMBER < 0x1000100fL
#error "Requires OpenSSL version >= v1.0.1"
#endif
DBG 4593: libsasl2: Check for static library (libs -lsasl2, arfile variable STATIC_LIB_libsasl2=, static filenames )
DBG 4593: Compile check libsasl2 (WITH_SASL_CYRUS) (sub=0): gcc  -gstrict-dwarf -O2 -fPIC -Wall -Wsign-compare -Wfloat-equal -Wpointer-arith -Wcast-align -Wall -Werror _mkltmp8W5VMl.c -o _mkltmp8W5VMl.c.o  -L/Users/upstox/Desktop/kafkatu/node_modules/node-rdkafka/build/deps -lsasl2
DBG 4593: Setting libsasl2 (libsasl2) status to ok (action disable)
DBG 4593: libsasl2: from lib_check: LIBS: prepend -lsasl2
DBG 4593: libzstd: Check for static library (libs -lzstd, arfile variable STATIC_LIB_libzstd=, static filenames libzstd.a)
DBG 4593: Compile check libzstd (WITH_ZSTD) (sub=0): gcc  -gstrict-dwarf -O2 -fPIC -Wall -Wsign-compare -Wfloat-equal -Wpointer-arith -Wcast-align -Wall -Werror _mkltmpNWCGjz.c -o _mkltmpNWCGjz.c.o  -L/Users/upstox/Desktop/kafkatu/node_modules/node-rdkafka/build/deps -lzstd
DBG 4593: compile check for libzstd (WITH_ZSTD) failed: gcc  -gstrict-dwarf -O2 -fPIC -Wall -Wsign-compare -Wfloat-equal -Wpointer-arith -Wcast-align -Wall -Werror _mkltmpNWCGjz.c -o _mkltmpNWCGjz.c.o  -L/Users/upstox/Desktop/kafkatu/node_modules/node-rdkafka/build/deps -lzstd: _mkltmpNWCGjz.c:2:10: fatal error: 'zstd.h' file not found
#include <zstd.h>
         ^~~~~~~~
1 error generated.
DBG 4593: Setting libzstd (libzstd) status to failed (action disable)
DBG 4593: Check libzstd (WITH_ZSTD, action disable (originally disable)) failed: compile check failed:
CC: CC
flags: -lzstd
gcc  -gstrict-dwarf -O2 -fPIC -Wall -Wsign-compare -Wfloat-equal -Wpointer-arith -Wcast-align -Wall -Werror _mkltmpNWCGjz.c -o _mkltmpNWCGjz.c.o  -L/Users/upstox/Desktop/kafkatu/node_modules/node-rdkafka/build/deps -lzstd:
_mkltmpNWCGjz.c:2:10: fatal error: 'zstd.h' file not found
#include <zstd.h>
         ^~~~~~~~
1 error generated.
source: 
#include <zstd.h>
#include <zstd_errors.h>

void foo (void) {
     ZSTD_getFrameContentSize(NULL, 0);
}

DBG 4593: libm: Check for static library (libs -lm, arfile variable STATIC_LIB_libm=, static filenames )
DBG 4593: Compile check libm () (sub=0): gcc  -gstrict-dwarf -O2 -fPIC -Wall -Wsign-compare -Wfloat-equal -Wpointer-arith -Wcast-align -Wall -Werror _mkltmpuY1QRL.c -o _mkltmpuY1QRL.c.o  -L/Users/upstox/Desktop/kafkatu/node_modules/node-rdkafka/build/deps -lm
DBG 4593: Setting libm (libm) status to ok (action disable)
DBG 4593: libm: from lib_check: LIBS: prepend -lm
DBG 4593: liblz4: Check for static library (libs -llz4, arfile variable STATIC_LIB_liblz4=, static filenames liblz4.a)
DBG 4593: Compile check liblz4 (WITH_LZ4_EXT) (sub=0): gcc  -gstrict-dwarf -O2 -fPIC -Wall -Wsign-compare -Wfloat-equal -Wpointer-arith -Wcast-align -Wall -Werror _mkltmp4Qf2FW.c -o _mkltmp4Qf2FW.c.o  -L/Users/upstox/Desktop/kafkatu/node_modules/node-rdkafka/build/deps -llz4
DBG 4593: compile check for liblz4 (WITH_LZ4_EXT) failed: gcc  -gstrict-dwarf -O2 -fPIC -Wall -Wsign-compare -Wfloat-equal -Wpointer-arith -Wcast-align -Wall -Werror _mkltmp4Qf2FW.c -o _mkltmp4Qf2FW.c.o  -L/Users/upstox/Desktop/kafkatu/node_modules/node-rdkafka/build/deps -llz4: _mkltmp4Qf2FW.c:1:10: fatal error: 'lz4frame.h' file not found
#include <lz4frame.h>
         ^~~~~~~~~~~~
1 error generated.
DBG 4593: Setting liblz4 (liblz4) status to failed (action disable)
DBG 4593: Check liblz4 (WITH_LZ4_EXT, action disable (originally disable)) failed: compile check failed:
CC: CC
flags: -llz4
gcc  -gstrict-dwarf -O2 -fPIC -Wall -Wsign-compare -Wfloat-equal -Wpointer-arith -Wcast-align -Wall -Werror _mkltmp4Qf2FW.c -o _mkltmp4Qf2FW.c.o  -L/Users/upstox/Desktop/kafkatu/node_modules/node-rdkafka/build/deps -llz4:
_mkltmp4Qf2FW.c:1:10: fatal error: 'lz4frame.h' file not found
#include <lz4frame.h>
         ^~~~~~~~~~~~
1 error generated.
source: #include <lz4frame.h>
DBG 4593: Compile check syslog (WITH_SYSLOG) (sub=0): gcc  -gstrict-dwarf -O2 -fPIC -Wall -Wsign-compare -Wfloat-equal -Wpointer-arith -Wcast-align -Wall -Werror _mkltmpi4Q5cd.c -o _mkltmpi4Q5cd.c.o  -L/Users/upstox/Desktop/kafkatu/node_modules/node-rdkafka/build/deps 
DBG 4593: Setting syslog (syslog) status to ok (action disable)
DBG 4593: Compile check rapidjson (WITH_RAPIDJSON) (sub=0): g++  -gstrict-dwarf -O2 -fPIC -Wall -Wsign-compare -Wfloat-equal -Wpointer-arith -Wcast-align -Wall -Werror _mkltmpC1EQpZ.cpp -o _mkltmpC1EQpZ.cpp.o  -L/Users/upstox/Desktop/kafkatu/node_modules/node-rdkafka/build/deps 
DBG 4593: compile check for rapidjson (WITH_RAPIDJSON) failed: g++  -gstrict-dwarf -O2 -fPIC -Wall -Wsign-compare -Wfloat-equal -Wpointer-arith -Wcast-align -Wall -Werror _mkltmpC1EQpZ.cpp -o _mkltmpC1EQpZ.cpp.o  -L/Users/upstox/Desktop/kafkatu/node_modules/node-rdkafka/build/deps : _mkltmpC1EQpZ.cpp:1:10: fatal error: 'rapidjson/schema.h' file not found
#include <rapidjson/schema.h>
         ^~~~~~~~~~~~~~~~~~~~
1 error generated.
DBG 4593: Setting rapidjson (rapidjson) status to failed (action disable)
DBG 4593: Check rapidjson (WITH_RAPIDJSON, action disable (originally disable)) failed: compile check failed:
CC: CXX
flags: 
g++  -gstrict-dwarf -O2 -fPIC -Wall -Wsign-compare -Wfloat-equal -Wpointer-arith -Wcast-align -Wall -Werror _mkltmpC1EQpZ.cpp -o _mkltmpC1EQpZ.cpp.o  -L/Users/upstox/Desktop/kafkatu/node_modules/node-rdkafka/build/deps :
_mkltmpC1EQpZ.cpp:1:10: fatal error: 'rapidjson/schema.h' file not found
#include <rapidjson/schema.h>
         ^~~~~~~~~~~~~~~~~~~~
1 error generated.
source: #include <rapidjson/schema.h>
DBG 4593: Compile check crc32chw (WITH_CRC32C_HW) (sub=0): gcc  -gstrict-dwarf -O2 -fPIC -Wall -Wsign-compare -Wfloat-equal -Wpointer-arith -Wcast-align -Wall -Werror _mkltmpJa5X2b.c -o _mkltmpJa5X2b.c.o  -L/Users/upstox/Desktop/kafkatu/node_modules/node-rdkafka/build/deps 
DBG 4593: Setting crc32chw (crc32chw) status to ok (action disable)
DBG 4593: Compile check regex (HAVE_REGEX) (sub=0): gcc  -gstrict-dwarf -O2 -fPIC -Wall -Wsign-compare -Wfloat-equal -Wpointer-arith -Wcast-align -Wall -Werror _mkltmpgcxPQq.c -o _mkltmpgcxPQq.c.o  -L/Users/upstox/Desktop/kafkatu/node_modules/node-rdkafka/build/deps 
DBG 4593: Setting regex (regex) status to ok (action disable)
DBG 4593: Compile check rand_r (HAVE_RAND_R) (sub=0): gcc  -gstrict-dwarf -O2 -fPIC -Wall -Wsign-compare -Wfloat-equal -Wpointer-arith -Wcast-align -Wall -Werror _mkltmpolPPaz.c -o _mkltmpolPPaz.c.o  -L/Users/upstox/Desktop/kafkatu/node_modules/node-rdkafka/build/deps 
DBG 4593: Setting rand_r (rand_r) status to ok (action disable)
DBG 4593: Compile check strndup (HAVE_STRNDUP) (sub=0): gcc  -gstrict-dwarf -O2 -fPIC -Wall -Wsign-compare -Wfloat-equal -Wpointer-arith -Wcast-align -Wall -Werror _mkltmp0OTWHe.c -o _mkltmp0OTWHe.c.o  -L/Users/upstox/Desktop/kafkatu/node_modules/node-rdkafka/build/deps 
DBG 4593: Setting strndup (strndup) status to ok (action disable)
DBG 4593: Compile check strlcpy (HAVE_STRLCPY) (sub=0): gcc  -gstrict-dwarf -O2 -fPIC -Wall -Wsign-compare -Wfloat-equal -Wpointer-arith -Wcast-align -Wall -Werror _mkltmpIO6DNp.c -o _mkltmpIO6DNp.c.o  -L/Users/upstox/Desktop/kafkatu/node_modules/node-rdkafka/build/deps 
DBG 4593: Setting strlcpy (strlcpy) status to ok (action disable)
DBG 4593: Compile check strerror_r (HAVE_STRERROR_R) (sub=0): gcc  -gstrict-dwarf -O2 -fPIC -Wall -Wsign-compare -Wfloat-equal -Wpointer-arith -Wcast-align -Wall -Werror _mkltmpxO1Rvn.c -o _mkltmpxO1Rvn.c.o  -L/Users/upstox/Desktop/kafkatu/node_modules/node-rdkafka/build/deps 
DBG 4593: Setting strerror_r (strerror_r) status to ok (action disable)
DBG 4593: Compile check strcasestr (HAVE_STRCASESTR) (sub=0): gcc  -gstrict-dwarf -O2 -fPIC -Wall -Wsign-compare -Wfloat-equal -Wpointer-arith -Wcast-align -Wall -Werror _mkltmpoRyl3c.c -o _mkltmpoRyl3c.c.o  -L/Users/upstox/Desktop/kafkatu/node_modules/node-rdkafka/build/deps 
DBG 4593: Setting strcasestr (strcasestr) status to ok (action disable)
DBG 4593: Compile check pthread_setname_gnu (HAVE_PTHREAD_SETNAME_GNU) (sub=0): gcc  -gstrict-dwarf -O2 -fPIC -Wall -Wsign-compare -Wfloat-equal -Wpointer-arith -Wcast-align -Wall -Werror _mkltmp9LKYzB.c -o _mkltmp9LKYzB.c.o  -L/Users/upstox/Desktop/kafkatu/node_modules/node-rdkafka/build/deps -D_GNU_SOURCE -lpthread
DBG 4593: compile check for pthread_setname_gnu (HAVE_PTHREAD_SETNAME_GNU) failed: gcc  -gstrict-dwarf -O2 -fPIC -Wall -Wsign-compare -Wfloat-equal -Wpointer-arith -Wcast-align -Wall -Werror _mkltmp9LKYzB.c -o _mkltmp9LKYzB.c.o  -L/Users/upstox/Desktop/kafkatu/node_modules/node-rdkafka/build/deps -D_GNU_SOURCE -lpthread: _mkltmp9LKYzB.c:5:38: error: too many arguments to function call, expected 1, have 2
  pthread_setname_np(pthread_self(), "abc");
  ~~~~~~~~~~~~~~~~~~                 ^~~~~
/Library/Developer/CommandLineTools/SDKs/MacOSX12.1.sdk/usr/include/pthread.h:510:5: note: 'pthread_setname_np' declared here
int     pthread_setname_np(const char*);
        ^
1 error generated.
DBG 4593: Setting pthread_setname_gnu (pthread_setname_gnu) status to failed (action disable)
DBG 4593: Check pthread_setname_gnu (HAVE_PTHREAD_SETNAME_GNU, action disable (originally disable)) failed: compile check failed:
CC: CC
flags: -D_GNU_SOURCE -lpthread
gcc  -gstrict-dwarf -O2 -fPIC -Wall -Wsign-compare -Wfloat-equal -Wpointer-arith -Wcast-align -Wall -Werror _mkltmp9LKYzB.c -o _mkltmp9LKYzB.c.o  -L/Users/upstox/Desktop/kafkatu/node_modules/node-rdkafka/build/deps -D_GNU_SOURCE -lpthread:
_mkltmp9LKYzB.c:5:38: error: too many arguments to function call, expected 1, have 2
  pthread_setname_np(pthread_self(), "abc");
  ~~~~~~~~~~~~~~~~~~                 ^~~~~
/Library/Developer/CommandLineTools/SDKs/MacOSX12.1.sdk/usr/include/pthread.h:510:5: note: 'pthread_setname_np' declared here
int     pthread_setname_np(const char*);
        ^
1 error generated.
source: 
#include <pthread.h>

void foo (void) {
  pthread_setname_np(pthread_self(), "abc");
}

DBG 4593: Compile check pthread_setname_darwin (HAVE_PTHREAD_SETNAME_DARWIN) (sub=0): gcc  -gstrict-dwarf -O2 -fPIC -Wall -Wsign-compare -Wfloat-equal -Wpointer-arith -Wcast-align -Wall -Werror _mkltmpsbqzTq.c -o _mkltmpsbqzTq.c.o  -L/Users/upstox/Desktop/kafkatu/node_modules/node-rdkafka/build/deps -D_DARWIN_C_SOURCE -lpthread
DBG 4593: Setting pthread_setname_darwin (pthread_setname_darwin) status to ok (action disable)
DBG 4593: Setting nm (nm) status to ok (action cont)
DBG 4593: Compile check getrusage (HAVE_GETRUSAGE) (sub=0): gcc  -gstrict-dwarf -O2 -fPIC -Wall -Wsign-compare -Wfloat-equal -Wpointer-arith -Wcast-align -Wall -Werror _mkltmpRtH2od.c -o _mkltmpRtH2od.c.o  -L/Users/upstox/Desktop/kafkatu/node_modules/node-rdkafka/build/deps 
DBG 4593: Setting getrusage (getrusage) status to ok (action disable)
